<?xml version="1.0" encoding="UTF-8"?>
<!-- Generated by org.testng.reporters.JUnitXMLReporter -->
<testsuite hostname="Lenovo-PC" ignored="2" name="Surefire test" tests="1" failures="0" timestamp="2021-10-21T06:54:29 IST" time="22.747" errors="0">
  <testcase name="orangeHRM_recruitmentMultipleVacanciesTest" time="22.689" classname="com.jsb.handson.testngtests.TestNGTests"/>
  <testcase name="orangeHRM_loginTest" time="0.0" classname="com.jsb.handson.testngtests.TestNGTests">
    <ignored/>
  </testcase> <!-- orangeHRM_loginTest -->
  <testcase name="orangeHRM_recruitmentSingleVacancyTest" time="0.0" classname="com.jsb.handson.testngtests.TestNGTests">
    <ignored/>
  </testcase> <!-- orangeHRM_recruitmentSingleVacancyTest -->
</testsuite> <!-- Surefire test -->
