<?xml version="1.0" encoding="UTF-8"?>
<testsuite xmlns:xsi="http://www.w3.org/2001/XMLSchema-instance" xsi:noNamespaceSchemaLocation="https://maven.apache.org/surefire/maven-surefire-plugin/xsd/surefire-test-report.xsd" name="com.jsb.handson.testngtests.TestNGTests" time="23.681" tests="1" errors="0" skipped="0" failures="0">
  <properties>
[...]
</properties>
  <testcase name="orangeHRM_recruitmentMultipleVacanciesTest" classname="com.jsb.handson.testngtests.TestNGTests" time="22.695"/>
</testsuite>