<?xml version="1.0" encoding="UTF-8"?>
<testng-results skipped="0" failed="0" ignored="2" total="3" passed="1">
  <reporter-output>
  </reporter-output>
  <suite name="Surefire suite" duration-ms="22747" started-at="2021-10-21T06:54:06 IST" finished-at="2021-10-21T06:54:29 IST">
    <groups>
    </groups>
    <test name="Surefire test" duration-ms="22747" started-at="2021-10-21T06:54:06 IST" finished-at="2021-10-21T06:54:29 IST">
      <class name="com.jsb.handson.testngtests.TestNGTests">
        <test-method status="PASS" signature="orangeHRM_recruitmentMultipleVacanciesTest()[pri:0, instance:com.jsb.handson.testngtests.TestNGTests@5f9d02cb]" name="orangeHRM_recruitmentMultipleVacanciesTest" duration-ms="22689" started-at="2021-10-21T06:54:06 IST" finished-at="2021-10-21T06:54:28 IST">
          <reporter-output>
          </reporter-output>
        </test-method> <!-- orangeHRM_recruitmentMultipleVacanciesTest -->
      </class> <!-- com.jsb.handson.testngtests.TestNGTests -->
    </test> <!-- Surefire test -->
  </suite> <!-- Surefire suite -->
</testng-results>
